Building DAG of jobs...
Using shell: /usr/bin/bash
Job stats:
job          count    min threads    max threads
---------  -------  -------------  -------------
all              1              1              1
run_model        9              1              1
total           10              1              1

Select jobs to execute...

[Fri Jun  9 14:23:02 2023]
rule run_model:
    output: Res/GRB2-SH3/mochi__fit_tmodel_3state_sparse_dimsum128_subsample100p/tri_state_non_equilibrium/model_performance_perepoch.pdf, Res/GRB2-SH3/mochi__fit_tmodel_3state_sparse_dimsum128_subsample100p/tri_state_non_equilibrium/predicted_fitness.txt, Res/GRB2-SH3/mochi__fit_tmodel_3state_sparse_dimsum128_subsample100p/tri_state_non_equilibrium/model_weights.txt, Res/GRB2-SH3/mochi__fit_tmodel_3state_sparse_dimsum128_subsample100p/tri_state_non_equilibrium/model_parameters.txt
    jobid: 3
    reason: Missing output files: Res/GRB2-SH3/mochi__fit_tmodel_3state_sparse_dimsum128_subsample100p/tri_state_non_equilibrium/model_weights.txt, Res/GRB2-SH3/mochi__fit_tmodel_3state_sparse_dimsum128_subsample100p/tri_state_non_equilibrium/predicted_fitness.txt, Res/GRB2-SH3/mochi__fit_tmodel_3state_sparse_dimsum128_subsample100p/tri_state_non_equilibrium/model_parameters.txt, Res/GRB2-SH3/mochi__fit_tmodel_3state_sparse_dimsum128_subsample100p/tri_state_non_equilibrium/model_performance_perepoch.pdf
    wildcards: protein=GRB2-SH3, dataset=mochi__fit_tmodel_3state_sparse_dimsum128_subsample100p, model_type=tri_state_non_equilibrium
    resources: mem_mb=1000, mem_mib=954, disk_mb=1000, disk_mib=954, tmpdir=<TBD>, slurm_account=u_froehlichf, slurm_partition=cpu

No wall time information given. This might or might not work on your cluster. If not, specify the resource runtime in your rule or as a reasonable default via --default-resources.
Job 3 has been submitted with SLURM jobid 52942144 (log: .snakemake/slurm_logs/rule_run_model/52942144.log).

[Fri Jun  9 14:23:02 2023]
rule run_model:
    output: Res/GB1/mochi__fit_tmodel_3state_sparse_dimsum128_subsample100p/two_state_non_equilibrium/model_performance_perepoch.pdf, Res/GB1/mochi__fit_tmodel_3state_sparse_dimsum128_subsample100p/two_state_non_equilibrium/predicted_fitness.txt, Res/GB1/mochi__fit_tmodel_3state_sparse_dimsum128_subsample100p/two_state_non_equilibrium/model_weights.txt, Res/GB1/mochi__fit_tmodel_3state_sparse_dimsum128_subsample100p/two_state_non_equilibrium/model_parameters.txt
    jobid: 5
    reason: Missing output files: Res/GB1/mochi__fit_tmodel_3state_sparse_dimsum128_subsample100p/two_state_non_equilibrium/model_performance_perepoch.pdf, Res/GB1/mochi__fit_tmodel_3state_sparse_dimsum128_subsample100p/two_state_non_equilibrium/model_weights.txt, Res/GB1/mochi__fit_tmodel_3state_sparse_dimsum128_subsample100p/two_state_non_equilibrium/predicted_fitness.txt, Res/GB1/mochi__fit_tmodel_3state_sparse_dimsum128_subsample100p/two_state_non_equilibrium/model_parameters.txt
    wildcards: protein=GB1, dataset=mochi__fit_tmodel_3state_sparse_dimsum128_subsample100p, model_type=two_state_non_equilibrium
    resources: mem_mb=1000, mem_mib=954, disk_mb=1000, disk_mib=954, tmpdir=<TBD>, slurm_account=u_froehlichf, slurm_partition=cpu

No wall time information given. This might or might not work on your cluster. If not, specify the resource runtime in your rule or as a reasonable default via --default-resources.
Job 5 has been submitted with SLURM jobid 52942145 (log: .snakemake/slurm_logs/rule_run_model/52942145.log).

[Fri Jun  9 14:23:03 2023]
rule run_model:
    output: Res/PSD95-PDZ3/mochi__fit_tmodel_3state_sparse_dimsum128_subsample100p/tri_state_equilibrium/model_performance_perepoch.pdf, Res/PSD95-PDZ3/mochi__fit_tmodel_3state_sparse_dimsum128_subsample100p/tri_state_equilibrium/predicted_fitness.txt, Res/PSD95-PDZ3/mochi__fit_tmodel_3state_sparse_dimsum128_subsample100p/tri_state_equilibrium/model_weights.txt, Res/PSD95-PDZ3/mochi__fit_tmodel_3state_sparse_dimsum128_subsample100p/tri_state_equilibrium/model_parameters.txt
    jobid: 7
    reason: Missing output files: Res/PSD95-PDZ3/mochi__fit_tmodel_3state_sparse_dimsum128_subsample100p/tri_state_equilibrium/model_performance_perepoch.pdf, Res/PSD95-PDZ3/mochi__fit_tmodel_3state_sparse_dimsum128_subsample100p/tri_state_equilibrium/model_weights.txt, Res/PSD95-PDZ3/mochi__fit_tmodel_3state_sparse_dimsum128_subsample100p/tri_state_equilibrium/model_parameters.txt, Res/PSD95-PDZ3/mochi__fit_tmodel_3state_sparse_dimsum128_subsample100p/tri_state_equilibrium/predicted_fitness.txt
    wildcards: protein=PSD95-PDZ3, dataset=mochi__fit_tmodel_3state_sparse_dimsum128_subsample100p, model_type=tri_state_equilibrium
    resources: mem_mb=1000, mem_mib=954, disk_mb=1000, disk_mib=954, tmpdir=<TBD>, slurm_account=u_froehlichf, slurm_partition=cpu

No wall time information given. This might or might not work on your cluster. If not, specify the resource runtime in your rule or as a reasonable default via --default-resources.
Job 7 has been submitted with SLURM jobid 52942146 (log: .snakemake/slurm_logs/rule_run_model/52942146.log).

[Fri Jun  9 14:23:03 2023]
rule run_model:
    output: Res/PSD95-PDZ3/mochi__fit_tmodel_3state_sparse_dimsum128_subsample100p/tri_state_non_equilibrium/model_performance_perepoch.pdf, Res/PSD95-PDZ3/mochi__fit_tmodel_3state_sparse_dimsum128_subsample100p/tri_state_non_equilibrium/predicted_fitness.txt, Res/PSD95-PDZ3/mochi__fit_tmodel_3state_sparse_dimsum128_subsample100p/tri_state_non_equilibrium/model_weights.txt, Res/PSD95-PDZ3/mochi__fit_tmodel_3state_sparse_dimsum128_subsample100p/tri_state_non_equilibrium/model_parameters.txt
    jobid: 9
    reason: Missing output files: Res/PSD95-PDZ3/mochi__fit_tmodel_3state_sparse_dimsum128_subsample100p/tri_state_non_equilibrium/model_performance_perepoch.pdf, Res/PSD95-PDZ3/mochi__fit_tmodel_3state_sparse_dimsum128_subsample100p/tri_state_non_equilibrium/model_weights.txt, Res/PSD95-PDZ3/mochi__fit_tmodel_3state_sparse_dimsum128_subsample100p/tri_state_non_equilibrium/predicted_fitness.txt, Res/PSD95-PDZ3/mochi__fit_tmodel_3state_sparse_dimsum128_subsample100p/tri_state_non_equilibrium/model_parameters.txt
    wildcards: protein=PSD95-PDZ3, dataset=mochi__fit_tmodel_3state_sparse_dimsum128_subsample100p, model_type=tri_state_non_equilibrium
    resources: mem_mb=1000, mem_mib=954, disk_mb=1000, disk_mib=954, tmpdir=<TBD>, slurm_account=u_froehlichf, slurm_partition=cpu

No wall time information given. This might or might not work on your cluster. If not, specify the resource runtime in your rule or as a reasonable default via --default-resources.
Job 9 has been submitted with SLURM jobid 52942147 (log: .snakemake/slurm_logs/rule_run_model/52942147.log).

[Fri Jun  9 14:23:03 2023]
rule run_model:
    output: Res/GRB2-SH3/mochi__fit_tmodel_3state_sparse_dimsum128_subsample100p/two_state_non_equilibrium/model_performance_perepoch.pdf, Res/GRB2-SH3/mochi__fit_tmodel_3state_sparse_dimsum128_subsample100p/two_state_non_equilibrium/predicted_fitness.txt, Res/GRB2-SH3/mochi__fit_tmodel_3state_sparse_dimsum128_subsample100p/two_state_non_equilibrium/model_weights.txt, Res/GRB2-SH3/mochi__fit_tmodel_3state_sparse_dimsum128_subsample100p/two_state_non_equilibrium/model_parameters.txt
    jobid: 2
    reason: Missing output files: Res/GRB2-SH3/mochi__fit_tmodel_3state_sparse_dimsum128_subsample100p/two_state_non_equilibrium/model_performance_perepoch.pdf, Res/GRB2-SH3/mochi__fit_tmodel_3state_sparse_dimsum128_subsample100p/two_state_non_equilibrium/predicted_fitness.txt, Res/GRB2-SH3/mochi__fit_tmodel_3state_sparse_dimsum128_subsample100p/two_state_non_equilibrium/model_parameters.txt, Res/GRB2-SH3/mochi__fit_tmodel_3state_sparse_dimsum128_subsample100p/two_state_non_equilibrium/model_weights.txt
    wildcards: protein=GRB2-SH3, dataset=mochi__fit_tmodel_3state_sparse_dimsum128_subsample100p, model_type=two_state_non_equilibrium
    resources: mem_mb=1000, mem_mib=954, disk_mb=1000, disk_mib=954, tmpdir=<TBD>, slurm_account=u_froehlichf, slurm_partition=cpu

No wall time information given. This might or might not work on your cluster. If not, specify the resource runtime in your rule or as a reasonable default via --default-resources.
Job 2 has been submitted with SLURM jobid 52942148 (log: .snakemake/slurm_logs/rule_run_model/52942148.log).

[Fri Jun  9 14:23:03 2023]
rule run_model:
    output: Res/GB1/mochi__fit_tmodel_3state_sparse_dimsum128_subsample100p/tri_state_equilibrium/model_performance_perepoch.pdf, Res/GB1/mochi__fit_tmodel_3state_sparse_dimsum128_subsample100p/tri_state_equilibrium/predicted_fitness.txt, Res/GB1/mochi__fit_tmodel_3state_sparse_dimsum128_subsample100p/tri_state_equilibrium/model_weights.txt, Res/GB1/mochi__fit_tmodel_3state_sparse_dimsum128_subsample100p/tri_state_equilibrium/model_parameters.txt
    jobid: 4
    reason: Missing output files: Res/GB1/mochi__fit_tmodel_3state_sparse_dimsum128_subsample100p/tri_state_equilibrium/model_performance_perepoch.pdf, Res/GB1/mochi__fit_tmodel_3state_sparse_dimsum128_subsample100p/tri_state_equilibrium/model_weights.txt, Res/GB1/mochi__fit_tmodel_3state_sparse_dimsum128_subsample100p/tri_state_equilibrium/predicted_fitness.txt, Res/GB1/mochi__fit_tmodel_3state_sparse_dimsum128_subsample100p/tri_state_equilibrium/model_parameters.txt
    wildcards: protein=GB1, dataset=mochi__fit_tmodel_3state_sparse_dimsum128_subsample100p, model_type=tri_state_equilibrium
    resources: mem_mb=1000, mem_mib=954, disk_mb=1000, disk_mib=954, tmpdir=<TBD>, slurm_account=u_froehlichf, slurm_partition=cpu

No wall time information given. This might or might not work on your cluster. If not, specify the resource runtime in your rule or as a reasonable default via --default-resources.
Job 4 has been submitted with SLURM jobid 52942149 (log: .snakemake/slurm_logs/rule_run_model/52942149.log).

[Fri Jun  9 14:23:04 2023]
rule run_model:
    output: Res/GB1/mochi__fit_tmodel_3state_sparse_dimsum128_subsample100p/tri_state_non_equilibrium/model_performance_perepoch.pdf, Res/GB1/mochi__fit_tmodel_3state_sparse_dimsum128_subsample100p/tri_state_non_equilibrium/predicted_fitness.txt, Res/GB1/mochi__fit_tmodel_3state_sparse_dimsum128_subsample100p/tri_state_non_equilibrium/model_weights.txt, Res/GB1/mochi__fit_tmodel_3state_sparse_dimsum128_subsample100p/tri_state_non_equilibrium/model_parameters.txt
    jobid: 6
    reason: Missing output files: Res/GB1/mochi__fit_tmodel_3state_sparse_dimsum128_subsample100p/tri_state_non_equilibrium/model_performance_perepoch.pdf, Res/GB1/mochi__fit_tmodel_3state_sparse_dimsum128_subsample100p/tri_state_non_equilibrium/model_weights.txt, Res/GB1/mochi__fit_tmodel_3state_sparse_dimsum128_subsample100p/tri_state_non_equilibrium/predicted_fitness.txt, Res/GB1/mochi__fit_tmodel_3state_sparse_dimsum128_subsample100p/tri_state_non_equilibrium/model_parameters.txt
    wildcards: protein=GB1, dataset=mochi__fit_tmodel_3state_sparse_dimsum128_subsample100p, model_type=tri_state_non_equilibrium
    resources: mem_mb=1000, mem_mib=954, disk_mb=1000, disk_mib=954, tmpdir=<TBD>, slurm_account=u_froehlichf, slurm_partition=cpu

No wall time information given. This might or might not work on your cluster. If not, specify the resource runtime in your rule or as a reasonable default via --default-resources.
Job 6 has been submitted with SLURM jobid 52942151 (log: .snakemake/slurm_logs/rule_run_model/52942151.log).

[Fri Jun  9 14:23:04 2023]
rule run_model:
    output: Res/PSD95-PDZ3/mochi__fit_tmodel_3state_sparse_dimsum128_subsample100p/two_state_non_equilibrium/model_performance_perepoch.pdf, Res/PSD95-PDZ3/mochi__fit_tmodel_3state_sparse_dimsum128_subsample100p/two_state_non_equilibrium/predicted_fitness.txt, Res/PSD95-PDZ3/mochi__fit_tmodel_3state_sparse_dimsum128_subsample100p/two_state_non_equilibrium/model_weights.txt, Res/PSD95-PDZ3/mochi__fit_tmodel_3state_sparse_dimsum128_subsample100p/two_state_non_equilibrium/model_parameters.txt
    jobid: 8
    reason: Missing output files: Res/PSD95-PDZ3/mochi__fit_tmodel_3state_sparse_dimsum128_subsample100p/two_state_non_equilibrium/predicted_fitness.txt, Res/PSD95-PDZ3/mochi__fit_tmodel_3state_sparse_dimsum128_subsample100p/two_state_non_equilibrium/model_parameters.txt, Res/PSD95-PDZ3/mochi__fit_tmodel_3state_sparse_dimsum128_subsample100p/two_state_non_equilibrium/model_weights.txt, Res/PSD95-PDZ3/mochi__fit_tmodel_3state_sparse_dimsum128_subsample100p/two_state_non_equilibrium/model_performance_perepoch.pdf
    wildcards: protein=PSD95-PDZ3, dataset=mochi__fit_tmodel_3state_sparse_dimsum128_subsample100p, model_type=two_state_non_equilibrium
    resources: mem_mb=1000, mem_mib=954, disk_mb=1000, disk_mib=954, tmpdir=<TBD>, slurm_account=u_froehlichf, slurm_partition=cpu

No wall time information given. This might or might not work on your cluster. If not, specify the resource runtime in your rule or as a reasonable default via --default-resources.
Job 8 has been submitted with SLURM jobid 52942152 (log: .snakemake/slurm_logs/rule_run_model/52942152.log).

[Fri Jun  9 14:23:04 2023]
rule run_model:
    output: Res/GRB2-SH3/mochi__fit_tmodel_3state_sparse_dimsum128_subsample100p/tri_state_equilibrium/model_performance_perepoch.pdf, Res/GRB2-SH3/mochi__fit_tmodel_3state_sparse_dimsum128_subsample100p/tri_state_equilibrium/predicted_fitness.txt, Res/GRB2-SH3/mochi__fit_tmodel_3state_sparse_dimsum128_subsample100p/tri_state_equilibrium/model_weights.txt, Res/GRB2-SH3/mochi__fit_tmodel_3state_sparse_dimsum128_subsample100p/tri_state_equilibrium/model_parameters.txt
    jobid: 1
    reason: Missing output files: Res/GRB2-SH3/mochi__fit_tmodel_3state_sparse_dimsum128_subsample100p/tri_state_equilibrium/predicted_fitness.txt, Res/GRB2-SH3/mochi__fit_tmodel_3state_sparse_dimsum128_subsample100p/tri_state_equilibrium/model_weights.txt, Res/GRB2-SH3/mochi__fit_tmodel_3state_sparse_dimsum128_subsample100p/tri_state_equilibrium/model_parameters.txt, Res/GRB2-SH3/mochi__fit_tmodel_3state_sparse_dimsum128_subsample100p/tri_state_equilibrium/model_performance_perepoch.pdf
    wildcards: protein=GRB2-SH3, dataset=mochi__fit_tmodel_3state_sparse_dimsum128_subsample100p, model_type=tri_state_equilibrium
    resources: mem_mb=1000, mem_mib=954, disk_mb=1000, disk_mib=954, tmpdir=<TBD>, slurm_account=u_froehlichf, slurm_partition=cpu

No wall time information given. This might or might not work on your cluster. If not, specify the resource runtime in your rule or as a reasonable default via --default-resources.
Job 1 has been submitted with SLURM jobid 52942153 (log: .snakemake/slurm_logs/rule_run_model/52942153.log).
[Fri Jun  9 14:24:14 2023]
Error in rule run_model:
    message: SLURM-job '52942144' failed, SLURM status is: 'OUT_OF_MEMORY'
    jobid: 3
    output: Res/GRB2-SH3/mochi__fit_tmodel_3state_sparse_dimsum128_subsample100p/tri_state_non_equilibrium/model_performance_perepoch.pdf, Res/GRB2-SH3/mochi__fit_tmodel_3state_sparse_dimsum128_subsample100p/tri_state_non_equilibrium/predicted_fitness.txt, Res/GRB2-SH3/mochi__fit_tmodel_3state_sparse_dimsum128_subsample100p/tri_state_non_equilibrium/model_weights.txt, Res/GRB2-SH3/mochi__fit_tmodel_3state_sparse_dimsum128_subsample100p/tri_state_non_equilibrium/model_parameters.txt
    log: .snakemake/slurm_logs/rule_run_model/52942144.log (check log file(s) for error details)
    shell:
        
        mkdir -p Res/GRB2-SH3/mochi__fit_tmodel_3state_sparse_dimsum128_subsample100p/tri_state_non_equilibrium;
        python pierre_mochi__fit_tmodel_3state_doubledeepms.py         --data_train Res/GRB2-SH3/mochi__fit_tmodel_3state_sparse_dimsum128_subsample100p/dataset_train.txt         --data_valid Res/GRB2-SH3/mochi__fit_tmodel_3state_sparse_dimsum128_subsample100p/dataset_valid.txt         --data_obs Res/GRB2-SH3/mochi__fit_tmodel_3state_sparse_dimsum128_subsample100p/dataset_all.txt         -o Res/GRB2-SH3/mochi__fit_tmodel_3state_sparse_dimsum128_subsample100p/tri_state_non_equilibrium/         -e 75  -p 250 --num_resamplings 0 --num_samples 128 --num_models 1 --random_seed 1 --union_mode False         --model_type tri_state_non_equilibrium         --protein GRB2-SH3         --project_name pierre_mochi__fit_tmodel_3state_doubledeepms         --wandb True;
        
        (one of the commands exited with non-zero exit code; note that snakemake uses bash strict mode!)

[Fri Jun  9 14:24:14 2023]
Error in rule run_model:
    message: SLURM-job '52942145' failed, SLURM status is: 'FAILED'
    jobid: 5
    output: Res/GB1/mochi__fit_tmodel_3state_sparse_dimsum128_subsample100p/two_state_non_equilibrium/model_performance_perepoch.pdf, Res/GB1/mochi__fit_tmodel_3state_sparse_dimsum128_subsample100p/two_state_non_equilibrium/predicted_fitness.txt, Res/GB1/mochi__fit_tmodel_3state_sparse_dimsum128_subsample100p/two_state_non_equilibrium/model_weights.txt, Res/GB1/mochi__fit_tmodel_3state_sparse_dimsum128_subsample100p/two_state_non_equilibrium/model_parameters.txt
    log: .snakemake/slurm_logs/rule_run_model/52942145.log (check log file(s) for error details)
    shell:
        
        mkdir -p Res/GB1/mochi__fit_tmodel_3state_sparse_dimsum128_subsample100p/two_state_non_equilibrium;
        python pierre_mochi__fit_tmodel_3state_doubledeepms.py         --data_train Res/GB1/mochi__fit_tmodel_3state_sparse_dimsum128_subsample100p/dataset_train.txt         --data_valid Res/GB1/mochi__fit_tmodel_3state_sparse_dimsum128_subsample100p/dataset_valid.txt         --data_obs Res/GB1/mochi__fit_tmodel_3state_sparse_dimsum128_subsample100p/dataset_all.txt         -o Res/GB1/mochi__fit_tmodel_3state_sparse_dimsum128_subsample100p/two_state_non_equilibrium/         -e 75  -p 250 --num_resamplings 0 --num_samples 128 --num_models 1 --random_seed 1 --union_mode False         --model_type two_state_non_equilibrium         --protein GB1         --project_name pierre_mochi__fit_tmodel_3state_doubledeepms         --wandb True;
        
        (one of the commands exited with non-zero exit code; note that snakemake uses bash strict mode!)

[Fri Jun  9 14:24:14 2023]
Error in rule run_model:
    message: SLURM-job '52942146' failed, SLURM status is: 'OUT_OF_MEMORY'
    jobid: 7
    output: Res/PSD95-PDZ3/mochi__fit_tmodel_3state_sparse_dimsum128_subsample100p/tri_state_equilibrium/model_performance_perepoch.pdf, Res/PSD95-PDZ3/mochi__fit_tmodel_3state_sparse_dimsum128_subsample100p/tri_state_equilibrium/predicted_fitness.txt, Res/PSD95-PDZ3/mochi__fit_tmodel_3state_sparse_dimsum128_subsample100p/tri_state_equilibrium/model_weights.txt, Res/PSD95-PDZ3/mochi__fit_tmodel_3state_sparse_dimsum128_subsample100p/tri_state_equilibrium/model_parameters.txt
    log: .snakemake/slurm_logs/rule_run_model/52942146.log (check log file(s) for error details)
    shell:
        
        mkdir -p Res/PSD95-PDZ3/mochi__fit_tmodel_3state_sparse_dimsum128_subsample100p/tri_state_equilibrium;
        python pierre_mochi__fit_tmodel_3state_doubledeepms.py         --data_train Res/PSD95-PDZ3/mochi__fit_tmodel_3state_sparse_dimsum128_subsample100p/dataset_train.txt         --data_valid Res/PSD95-PDZ3/mochi__fit_tmodel_3state_sparse_dimsum128_subsample100p/dataset_valid.txt         --data_obs Res/PSD95-PDZ3/mochi__fit_tmodel_3state_sparse_dimsum128_subsample100p/dataset_all.txt         -o Res/PSD95-PDZ3/mochi__fit_tmodel_3state_sparse_dimsum128_subsample100p/tri_state_equilibrium/         -e 75  -p 250 --num_resamplings 0 --num_samples 128 --num_models 1 --random_seed 1 --union_mode False         --model_type tri_state_equilibrium         --protein PSD95-PDZ3         --project_name pierre_mochi__fit_tmodel_3state_doubledeepms         --wandb True;
        
        (one of the commands exited with non-zero exit code; note that snakemake uses bash strict mode!)

[Fri Jun  9 14:24:14 2023]
Error in rule run_model:
    message: SLURM-job '52942147' failed, SLURM status is: 'OUT_OF_MEMORY'
    jobid: 9
    output: Res/PSD95-PDZ3/mochi__fit_tmodel_3state_sparse_dimsum128_subsample100p/tri_state_non_equilibrium/model_performance_perepoch.pdf, Res/PSD95-PDZ3/mochi__fit_tmodel_3state_sparse_dimsum128_subsample100p/tri_state_non_equilibrium/predicted_fitness.txt, Res/PSD95-PDZ3/mochi__fit_tmodel_3state_sparse_dimsum128_subsample100p/tri_state_non_equilibrium/model_weights.txt, Res/PSD95-PDZ3/mochi__fit_tmodel_3state_sparse_dimsum128_subsample100p/tri_state_non_equilibrium/model_parameters.txt
    log: .snakemake/slurm_logs/rule_run_model/52942147.log (check log file(s) for error details)
    shell:
        
        mkdir -p Res/PSD95-PDZ3/mochi__fit_tmodel_3state_sparse_dimsum128_subsample100p/tri_state_non_equilibrium;
        python pierre_mochi__fit_tmodel_3state_doubledeepms.py         --data_train Res/PSD95-PDZ3/mochi__fit_tmodel_3state_sparse_dimsum128_subsample100p/dataset_train.txt         --data_valid Res/PSD95-PDZ3/mochi__fit_tmodel_3state_sparse_dimsum128_subsample100p/dataset_valid.txt         --data_obs Res/PSD95-PDZ3/mochi__fit_tmodel_3state_sparse_dimsum128_subsample100p/dataset_all.txt         -o Res/PSD95-PDZ3/mochi__fit_tmodel_3state_sparse_dimsum128_subsample100p/tri_state_non_equilibrium/         -e 75  -p 250 --num_resamplings 0 --num_samples 128 --num_models 1 --random_seed 1 --union_mode False         --model_type tri_state_non_equilibrium         --protein PSD95-PDZ3         --project_name pierre_mochi__fit_tmodel_3state_doubledeepms         --wandb True;
        
        (one of the commands exited with non-zero exit code; note that snakemake uses bash strict mode!)

[Fri Jun  9 14:24:14 2023]
Error in rule run_model:
    message: SLURM-job '52942152' failed, SLURM status is: 'OUT_OF_MEMORY'
    jobid: 8
    output: Res/PSD95-PDZ3/mochi__fit_tmodel_3state_sparse_dimsum128_subsample100p/two_state_non_equilibrium/model_performance_perepoch.pdf, Res/PSD95-PDZ3/mochi__fit_tmodel_3state_sparse_dimsum128_subsample100p/two_state_non_equilibrium/predicted_fitness.txt, Res/PSD95-PDZ3/mochi__fit_tmodel_3state_sparse_dimsum128_subsample100p/two_state_non_equilibrium/model_weights.txt, Res/PSD95-PDZ3/mochi__fit_tmodel_3state_sparse_dimsum128_subsample100p/two_state_non_equilibrium/model_parameters.txt
    log: .snakemake/slurm_logs/rule_run_model/52942152.log (check log file(s) for error details)
    shell:
        
        mkdir -p Res/PSD95-PDZ3/mochi__fit_tmodel_3state_sparse_dimsum128_subsample100p/two_state_non_equilibrium;
        python pierre_mochi__fit_tmodel_3state_doubledeepms.py         --data_train Res/PSD95-PDZ3/mochi__fit_tmodel_3state_sparse_dimsum128_subsample100p/dataset_train.txt         --data_valid Res/PSD95-PDZ3/mochi__fit_tmodel_3state_sparse_dimsum128_subsample100p/dataset_valid.txt         --data_obs Res/PSD95-PDZ3/mochi__fit_tmodel_3state_sparse_dimsum128_subsample100p/dataset_all.txt         -o Res/PSD95-PDZ3/mochi__fit_tmodel_3state_sparse_dimsum128_subsample100p/two_state_non_equilibrium/         -e 75  -p 250 --num_resamplings 0 --num_samples 128 --num_models 1 --random_seed 1 --union_mode False         --model_type two_state_non_equilibrium         --protein PSD95-PDZ3         --project_name pierre_mochi__fit_tmodel_3state_doubledeepms         --wandb True;
        
        (one of the commands exited with non-zero exit code; note that snakemake uses bash strict mode!)

[Fri Jun  9 14:24:34 2023]
Error in rule run_model:
    message: SLURM-job '52942148' failed, SLURM status is: 'OUT_OF_MEMORY'
    jobid: 2
    output: Res/GRB2-SH3/mochi__fit_tmodel_3state_sparse_dimsum128_subsample100p/two_state_non_equilibrium/model_performance_perepoch.pdf, Res/GRB2-SH3/mochi__fit_tmodel_3state_sparse_dimsum128_subsample100p/two_state_non_equilibrium/predicted_fitness.txt, Res/GRB2-SH3/mochi__fit_tmodel_3state_sparse_dimsum128_subsample100p/two_state_non_equilibrium/model_weights.txt, Res/GRB2-SH3/mochi__fit_tmodel_3state_sparse_dimsum128_subsample100p/two_state_non_equilibrium/model_parameters.txt
    log: .snakemake/slurm_logs/rule_run_model/52942148.log (check log file(s) for error details)
    shell:
        
        mkdir -p Res/GRB2-SH3/mochi__fit_tmodel_3state_sparse_dimsum128_subsample100p/two_state_non_equilibrium;
        python pierre_mochi__fit_tmodel_3state_doubledeepms.py         --data_train Res/GRB2-SH3/mochi__fit_tmodel_3state_sparse_dimsum128_subsample100p/dataset_train.txt         --data_valid Res/GRB2-SH3/mochi__fit_tmodel_3state_sparse_dimsum128_subsample100p/dataset_valid.txt         --data_obs Res/GRB2-SH3/mochi__fit_tmodel_3state_sparse_dimsum128_subsample100p/dataset_all.txt         -o Res/GRB2-SH3/mochi__fit_tmodel_3state_sparse_dimsum128_subsample100p/two_state_non_equilibrium/         -e 75  -p 250 --num_resamplings 0 --num_samples 128 --num_models 1 --random_seed 1 --union_mode False         --model_type two_state_non_equilibrium         --protein GRB2-SH3         --project_name pierre_mochi__fit_tmodel_3state_doubledeepms         --wandb True;
        
        (one of the commands exited with non-zero exit code; note that snakemake uses bash strict mode!)

[Fri Jun  9 14:24:34 2023]
Error in rule run_model:
    message: SLURM-job '52942149' failed, SLURM status is: 'FAILED'
    jobid: 4
    output: Res/GB1/mochi__fit_tmodel_3state_sparse_dimsum128_subsample100p/tri_state_equilibrium/model_performance_perepoch.pdf, Res/GB1/mochi__fit_tmodel_3state_sparse_dimsum128_subsample100p/tri_state_equilibrium/predicted_fitness.txt, Res/GB1/mochi__fit_tmodel_3state_sparse_dimsum128_subsample100p/tri_state_equilibrium/model_weights.txt, Res/GB1/mochi__fit_tmodel_3state_sparse_dimsum128_subsample100p/tri_state_equilibrium/model_parameters.txt
    log: .snakemake/slurm_logs/rule_run_model/52942149.log (check log file(s) for error details)
    shell:
        
        mkdir -p Res/GB1/mochi__fit_tmodel_3state_sparse_dimsum128_subsample100p/tri_state_equilibrium;
        python pierre_mochi__fit_tmodel_3state_doubledeepms.py         --data_train Res/GB1/mochi__fit_tmodel_3state_sparse_dimsum128_subsample100p/dataset_train.txt         --data_valid Res/GB1/mochi__fit_tmodel_3state_sparse_dimsum128_subsample100p/dataset_valid.txt         --data_obs Res/GB1/mochi__fit_tmodel_3state_sparse_dimsum128_subsample100p/dataset_all.txt         -o Res/GB1/mochi__fit_tmodel_3state_sparse_dimsum128_subsample100p/tri_state_equilibrium/         -e 75  -p 250 --num_resamplings 0 --num_samples 128 --num_models 1 --random_seed 1 --union_mode False         --model_type tri_state_equilibrium         --protein GB1         --project_name pierre_mochi__fit_tmodel_3state_doubledeepms         --wandb True;
        
        (one of the commands exited with non-zero exit code; note that snakemake uses bash strict mode!)

[Fri Jun  9 14:24:34 2023]
Error in rule run_model:
    message: SLURM-job '52942151' failed, SLURM status is: 'OUT_OF_MEMORY'
    jobid: 6
    output: Res/GB1/mochi__fit_tmodel_3state_sparse_dimsum128_subsample100p/tri_state_non_equilibrium/model_performance_perepoch.pdf, Res/GB1/mochi__fit_tmodel_3state_sparse_dimsum128_subsample100p/tri_state_non_equilibrium/predicted_fitness.txt, Res/GB1/mochi__fit_tmodel_3state_sparse_dimsum128_subsample100p/tri_state_non_equilibrium/model_weights.txt, Res/GB1/mochi__fit_tmodel_3state_sparse_dimsum128_subsample100p/tri_state_non_equilibrium/model_parameters.txt
    log: .snakemake/slurm_logs/rule_run_model/52942151.log (check log file(s) for error details)
    shell:
        
        mkdir -p Res/GB1/mochi__fit_tmodel_3state_sparse_dimsum128_subsample100p/tri_state_non_equilibrium;
        python pierre_mochi__fit_tmodel_3state_doubledeepms.py         --data_train Res/GB1/mochi__fit_tmodel_3state_sparse_dimsum128_subsample100p/dataset_train.txt         --data_valid Res/GB1/mochi__fit_tmodel_3state_sparse_dimsum128_subsample100p/dataset_valid.txt         --data_obs Res/GB1/mochi__fit_tmodel_3state_sparse_dimsum128_subsample100p/dataset_all.txt         -o Res/GB1/mochi__fit_tmodel_3state_sparse_dimsum128_subsample100p/tri_state_non_equilibrium/         -e 75  -p 250 --num_resamplings 0 --num_samples 128 --num_models 1 --random_seed 1 --union_mode False         --model_type tri_state_non_equilibrium         --protein GB1         --project_name pierre_mochi__fit_tmodel_3state_doubledeepms         --wandb True;
        
        (one of the commands exited with non-zero exit code; note that snakemake uses bash strict mode!)

[Fri Jun  9 14:25:24 2023]
Error in rule run_model:
    message: SLURM-job '52942153' failed, SLURM status is: 'FAILED'
    jobid: 1
    output: Res/GRB2-SH3/mochi__fit_tmodel_3state_sparse_dimsum128_subsample100p/tri_state_equilibrium/model_performance_perepoch.pdf, Res/GRB2-SH3/mochi__fit_tmodel_3state_sparse_dimsum128_subsample100p/tri_state_equilibrium/predicted_fitness.txt, Res/GRB2-SH3/mochi__fit_tmodel_3state_sparse_dimsum128_subsample100p/tri_state_equilibrium/model_weights.txt, Res/GRB2-SH3/mochi__fit_tmodel_3state_sparse_dimsum128_subsample100p/tri_state_equilibrium/model_parameters.txt
    log: .snakemake/slurm_logs/rule_run_model/52942153.log (check log file(s) for error details)
    shell:
        
        mkdir -p Res/GRB2-SH3/mochi__fit_tmodel_3state_sparse_dimsum128_subsample100p/tri_state_equilibrium;
        python pierre_mochi__fit_tmodel_3state_doubledeepms.py         --data_train Res/GRB2-SH3/mochi__fit_tmodel_3state_sparse_dimsum128_subsample100p/dataset_train.txt         --data_valid Res/GRB2-SH3/mochi__fit_tmodel_3state_sparse_dimsum128_subsample100p/dataset_valid.txt         --data_obs Res/GRB2-SH3/mochi__fit_tmodel_3state_sparse_dimsum128_subsample100p/dataset_all.txt         -o Res/GRB2-SH3/mochi__fit_tmodel_3state_sparse_dimsum128_subsample100p/tri_state_equilibrium/         -e 75  -p 250 --num_resamplings 0 --num_samples 128 --num_models 1 --random_seed 1 --union_mode False         --model_type tri_state_equilibrium         --protein GRB2-SH3         --project_name pierre_mochi__fit_tmodel_3state_doubledeepms         --wandb True;
        
        (one of the commands exited with non-zero exit code; note that snakemake uses bash strict mode!)

Shutting down, this might take some time.
Exiting because a job execution failed. Look above for error message
Complete log: .snakemake/log/2023-06-09T142250.961757.snakemake.log
