Building DAG of jobs...
Using shell: /bin/bash
Provided cores: 8
Rules claiming more threads will be scaled down.
Job stats:
job          count    min threads    max threads
---------  -------  -------------  -------------
all              1              1              1
run_model       21              1              1
total           22              1              1

Select jobs to execute...

[Tue May 30 17:19:29 2023]
rule run_model:
    output: Results/Data/mochi/GRB2-SH3/mochi__fit_tmodel_3state_sparse_dimsum128_subsample50p/tri_state_equilibrium_ODE/model_performance_perepoch.pdf, Results/Data/mochi/GRB2-SH3/mochi__fit_tmodel_3state_sparse_dimsum128_subsample50p/tri_state_equilibrium_ODE/predicted_fitness.txt, Results/Data/mochi/GRB2-SH3/mochi__fit_tmodel_3state_sparse_dimsum128_subsample50p/tri_state_equilibrium_ODE/model_weights.txt, Results/Data/mochi/GRB2-SH3/mochi__fit_tmodel_3state_sparse_dimsum128_subsample50p/tri_state_equilibrium_ODE/model_parameters.txt
    jobid: 3
    reason: Missing output files: Results/Data/mochi/GRB2-SH3/mochi__fit_tmodel_3state_sparse_dimsum128_subsample50p/tri_state_equilibrium_ODE/model_performance_perepoch.pdf, Results/Data/mochi/GRB2-SH3/mochi__fit_tmodel_3state_sparse_dimsum128_subsample50p/tri_state_equilibrium_ODE/predicted_fitness.txt, Results/Data/mochi/GRB2-SH3/mochi__fit_tmodel_3state_sparse_dimsum128_subsample50p/tri_state_equilibrium_ODE/model_weights.txt, Results/Data/mochi/GRB2-SH3/mochi__fit_tmodel_3state_sparse_dimsum128_subsample50p/tri_state_equilibrium_ODE/model_parameters.txt
    wildcards: protein=GRB2-SH3, dataset=mochi__fit_tmodel_3state_sparse_dimsum128_subsample50p, model_type=tri_state_equilibrium_ODE
    resources: tmpdir=/var/folders/fj/2tpv7lyn7wdfyvz0bs3bwkl80000gn/T


[Tue May 30 17:19:29 2023]
rule run_model:
    output: Results/Data/mochi/PSD95-PDZ3/mochi__fit_tmodel_3state_sparse_dimsum128_subsample50p/tri_state_equilibrium_ODE/model_performance_perepoch.pdf, Results/Data/mochi/PSD95-PDZ3/mochi__fit_tmodel_3state_sparse_dimsum128_subsample50p/tri_state_equilibrium_ODE/predicted_fitness.txt, Results/Data/mochi/PSD95-PDZ3/mochi__fit_tmodel_3state_sparse_dimsum128_subsample50p/tri_state_equilibrium_ODE/model_weights.txt, Results/Data/mochi/PSD95-PDZ3/mochi__fit_tmodel_3state_sparse_dimsum128_subsample50p/tri_state_equilibrium_ODE/model_parameters.txt
    jobid: 17
    reason: Missing output files: Results/Data/mochi/PSD95-PDZ3/mochi__fit_tmodel_3state_sparse_dimsum128_subsample50p/tri_state_equilibrium_ODE/predicted_fitness.txt, Results/Data/mochi/PSD95-PDZ3/mochi__fit_tmodel_3state_sparse_dimsum128_subsample50p/tri_state_equilibrium_ODE/model_performance_perepoch.pdf, Results/Data/mochi/PSD95-PDZ3/mochi__fit_tmodel_3state_sparse_dimsum128_subsample50p/tri_state_equilibrium_ODE/model_parameters.txt, Results/Data/mochi/PSD95-PDZ3/mochi__fit_tmodel_3state_sparse_dimsum128_subsample50p/tri_state_equilibrium_ODE/model_weights.txt
    wildcards: protein=PSD95-PDZ3, dataset=mochi__fit_tmodel_3state_sparse_dimsum128_subsample50p, model_type=tri_state_equilibrium_ODE
    resources: tmpdir=/var/folders/fj/2tpv7lyn7wdfyvz0bs3bwkl80000gn/T


[Tue May 30 17:19:29 2023]
rule run_model:
    output: Results/Data/mochi/GRB2-SH3/mochi__fit_tmodel_3state_sparse_dimsum128_subsample50p/tri_state_non_equilibrium_ODE/model_performance_perepoch.pdf, Results/Data/mochi/GRB2-SH3/mochi__fit_tmodel_3state_sparse_dimsum128_subsample50p/tri_state_non_equilibrium_ODE/predicted_fitness.txt, Results/Data/mochi/GRB2-SH3/mochi__fit_tmodel_3state_sparse_dimsum128_subsample50p/tri_state_non_equilibrium_ODE/model_weights.txt, Results/Data/mochi/GRB2-SH3/mochi__fit_tmodel_3state_sparse_dimsum128_subsample50p/tri_state_non_equilibrium_ODE/model_parameters.txt
    jobid: 7
    reason: Missing output files: Results/Data/mochi/GRB2-SH3/mochi__fit_tmodel_3state_sparse_dimsum128_subsample50p/tri_state_non_equilibrium_ODE/model_performance_perepoch.pdf, Results/Data/mochi/GRB2-SH3/mochi__fit_tmodel_3state_sparse_dimsum128_subsample50p/tri_state_non_equilibrium_ODE/model_weights.txt, Results/Data/mochi/GRB2-SH3/mochi__fit_tmodel_3state_sparse_dimsum128_subsample50p/tri_state_non_equilibrium_ODE/predicted_fitness.txt, Results/Data/mochi/GRB2-SH3/mochi__fit_tmodel_3state_sparse_dimsum128_subsample50p/tri_state_non_equilibrium_ODE/model_parameters.txt
    wildcards: protein=GRB2-SH3, dataset=mochi__fit_tmodel_3state_sparse_dimsum128_subsample50p, model_type=tri_state_non_equilibrium_ODE
    resources: tmpdir=/var/folders/fj/2tpv7lyn7wdfyvz0bs3bwkl80000gn/T


[Tue May 30 17:19:29 2023]
rule run_model:
    output: Results/Data/mochi/GRB2-SH3/mochi__fit_tmodel_3state_sparse_dimsum128_subsample50p/tri_state_equilibrium_explicit/model_performance_perepoch.pdf, Results/Data/mochi/GRB2-SH3/mochi__fit_tmodel_3state_sparse_dimsum128_subsample50p/tri_state_equilibrium_explicit/predicted_fitness.txt, Results/Data/mochi/GRB2-SH3/mochi__fit_tmodel_3state_sparse_dimsum128_subsample50p/tri_state_equilibrium_explicit/model_weights.txt, Results/Data/mochi/GRB2-SH3/mochi__fit_tmodel_3state_sparse_dimsum128_subsample50p/tri_state_equilibrium_explicit/model_parameters.txt
    jobid: 1
    reason: Missing output files: Results/Data/mochi/GRB2-SH3/mochi__fit_tmodel_3state_sparse_dimsum128_subsample50p/tri_state_equilibrium_explicit/model_weights.txt, Results/Data/mochi/GRB2-SH3/mochi__fit_tmodel_3state_sparse_dimsum128_subsample50p/tri_state_equilibrium_explicit/model_parameters.txt, Results/Data/mochi/GRB2-SH3/mochi__fit_tmodel_3state_sparse_dimsum128_subsample50p/tri_state_equilibrium_explicit/predicted_fitness.txt, Results/Data/mochi/GRB2-SH3/mochi__fit_tmodel_3state_sparse_dimsum128_subsample50p/tri_state_equilibrium_explicit/model_performance_perepoch.pdf
    wildcards: protein=GRB2-SH3, dataset=mochi__fit_tmodel_3state_sparse_dimsum128_subsample50p, model_type=tri_state_equilibrium_explicit
    resources: tmpdir=/var/folders/fj/2tpv7lyn7wdfyvz0bs3bwkl80000gn/T


[Tue May 30 17:19:29 2023]
rule run_model:
    output: Results/Data/mochi/PSD95-PDZ3/mochi__fit_tmodel_3state_sparse_dimsum128_subsample50p/tri_state_non_equilibrium_ODE/model_performance_perepoch.pdf, Results/Data/mochi/PSD95-PDZ3/mochi__fit_tmodel_3state_sparse_dimsum128_subsample50p/tri_state_non_equilibrium_ODE/predicted_fitness.txt, Results/Data/mochi/PSD95-PDZ3/mochi__fit_tmodel_3state_sparse_dimsum128_subsample50p/tri_state_non_equilibrium_ODE/model_weights.txt, Results/Data/mochi/PSD95-PDZ3/mochi__fit_tmodel_3state_sparse_dimsum128_subsample50p/tri_state_non_equilibrium_ODE/model_parameters.txt
    jobid: 21
    reason: Missing output files: Results/Data/mochi/PSD95-PDZ3/mochi__fit_tmodel_3state_sparse_dimsum128_subsample50p/tri_state_non_equilibrium_ODE/model_performance_perepoch.pdf, Results/Data/mochi/PSD95-PDZ3/mochi__fit_tmodel_3state_sparse_dimsum128_subsample50p/tri_state_non_equilibrium_ODE/model_weights.txt, Results/Data/mochi/PSD95-PDZ3/mochi__fit_tmodel_3state_sparse_dimsum128_subsample50p/tri_state_non_equilibrium_ODE/model_parameters.txt, Results/Data/mochi/PSD95-PDZ3/mochi__fit_tmodel_3state_sparse_dimsum128_subsample50p/tri_state_non_equilibrium_ODE/predicted_fitness.txt
    wildcards: protein=PSD95-PDZ3, dataset=mochi__fit_tmodel_3state_sparse_dimsum128_subsample50p, model_type=tri_state_non_equilibrium_ODE
    resources: tmpdir=/var/folders/fj/2tpv7lyn7wdfyvz0bs3bwkl80000gn/T


[Tue May 30 17:19:29 2023]
rule run_model:
    output: Results/Data/mochi/GRB2-SH3/mochi__fit_tmodel_3state_sparse_dimsum128_subsample50p/tri_state_equilibrium_implicit/model_performance_perepoch.pdf, Results/Data/mochi/GRB2-SH3/mochi__fit_tmodel_3state_sparse_dimsum128_subsample50p/tri_state_equilibrium_implicit/predicted_fitness.txt, Results/Data/mochi/GRB2-SH3/mochi__fit_tmodel_3state_sparse_dimsum128_subsample50p/tri_state_equilibrium_implicit/model_weights.txt, Results/Data/mochi/GRB2-SH3/mochi__fit_tmodel_3state_sparse_dimsum128_subsample50p/tri_state_equilibrium_implicit/model_parameters.txt
    jobid: 2
    reason: Missing output files: Results/Data/mochi/GRB2-SH3/mochi__fit_tmodel_3state_sparse_dimsum128_subsample50p/tri_state_equilibrium_implicit/model_performance_perepoch.pdf, Results/Data/mochi/GRB2-SH3/mochi__fit_tmodel_3state_sparse_dimsum128_subsample50p/tri_state_equilibrium_implicit/model_weights.txt, Results/Data/mochi/GRB2-SH3/mochi__fit_tmodel_3state_sparse_dimsum128_subsample50p/tri_state_equilibrium_implicit/model_parameters.txt, Results/Data/mochi/GRB2-SH3/mochi__fit_tmodel_3state_sparse_dimsum128_subsample50p/tri_state_equilibrium_implicit/predicted_fitness.txt
    wildcards: protein=GRB2-SH3, dataset=mochi__fit_tmodel_3state_sparse_dimsum128_subsample50p, model_type=tri_state_equilibrium_implicit
    resources: tmpdir=/var/folders/fj/2tpv7lyn7wdfyvz0bs3bwkl80000gn/T


[Tue May 30 17:19:29 2023]
rule run_model:
    output: Results/Data/mochi/PSD95-PDZ3/mochi__fit_tmodel_3state_sparse_dimsum128_subsample50p/tri_state_non_equilibrium_implicit/model_performance_perepoch.pdf, Results/Data/mochi/PSD95-PDZ3/mochi__fit_tmodel_3state_sparse_dimsum128_subsample50p/tri_state_non_equilibrium_implicit/predicted_fitness.txt, Results/Data/mochi/PSD95-PDZ3/mochi__fit_tmodel_3state_sparse_dimsum128_subsample50p/tri_state_non_equilibrium_implicit/model_weights.txt, Results/Data/mochi/PSD95-PDZ3/mochi__fit_tmodel_3state_sparse_dimsum128_subsample50p/tri_state_non_equilibrium_implicit/model_parameters.txt
    jobid: 20
    reason: Missing output files: Results/Data/mochi/PSD95-PDZ3/mochi__fit_tmodel_3state_sparse_dimsum128_subsample50p/tri_state_non_equilibrium_implicit/predicted_fitness.txt, Results/Data/mochi/PSD95-PDZ3/mochi__fit_tmodel_3state_sparse_dimsum128_subsample50p/tri_state_non_equilibrium_implicit/model_parameters.txt, Results/Data/mochi/PSD95-PDZ3/mochi__fit_tmodel_3state_sparse_dimsum128_subsample50p/tri_state_non_equilibrium_implicit/model_weights.txt, Results/Data/mochi/PSD95-PDZ3/mochi__fit_tmodel_3state_sparse_dimsum128_subsample50p/tri_state_non_equilibrium_implicit/model_performance_perepoch.pdf
    wildcards: protein=PSD95-PDZ3, dataset=mochi__fit_tmodel_3state_sparse_dimsum128_subsample50p, model_type=tri_state_non_equilibrium_implicit
    resources: tmpdir=/var/folders/fj/2tpv7lyn7wdfyvz0bs3bwkl80000gn/T


[Tue May 30 17:19:29 2023]
rule run_model:
    output: Results/Data/mochi/GB1/mochi__fit_tmodel_3state_sparse_dimsum128_subsample50p/tri_state_non_equilibrium_ODE/model_performance_perepoch.pdf, Results/Data/mochi/GB1/mochi__fit_tmodel_3state_sparse_dimsum128_subsample50p/tri_state_non_equilibrium_ODE/predicted_fitness.txt, Results/Data/mochi/GB1/mochi__fit_tmodel_3state_sparse_dimsum128_subsample50p/tri_state_non_equilibrium_ODE/model_weights.txt, Results/Data/mochi/GB1/mochi__fit_tmodel_3state_sparse_dimsum128_subsample50p/tri_state_non_equilibrium_ODE/model_parameters.txt
    jobid: 14
    reason: Missing output files: Results/Data/mochi/GB1/mochi__fit_tmodel_3state_sparse_dimsum128_subsample50p/tri_state_non_equilibrium_ODE/model_parameters.txt, Results/Data/mochi/GB1/mochi__fit_tmodel_3state_sparse_dimsum128_subsample50p/tri_state_non_equilibrium_ODE/predicted_fitness.txt, Results/Data/mochi/GB1/mochi__fit_tmodel_3state_sparse_dimsum128_subsample50p/tri_state_non_equilibrium_ODE/model_performance_perepoch.pdf, Results/Data/mochi/GB1/mochi__fit_tmodel_3state_sparse_dimsum128_subsample50p/tri_state_non_equilibrium_ODE/model_weights.txt
    wildcards: protein=GB1, dataset=mochi__fit_tmodel_3state_sparse_dimsum128_subsample50p, model_type=tri_state_non_equilibrium_ODE
    resources: tmpdir=/var/folders/fj/2tpv7lyn7wdfyvz0bs3bwkl80000gn/T

Terminating processes on user request, this might take some time.
Cancelling snakemake on user request.
